<?xml version="1.0" encoding="UTF-8"?>
<!-- Generated by org.testng.reporters.JUnitReportReporter -->
<testsuite hostname="x120e-r4m0l5" name="com.webdriver.tests.VehicleActivityTest" tests="1" failures="0" timestamp="24 Jun 2015 11:23:06 GMT" time="64.611" errors="1">
  <testcase name="createVehicleActivity" time="64.611" classname="com.webdriver.tests.VehicleActivityTest">
    <error type="java.lang.AssertionError" message="This WebElement is not visible and may not be clicked.
Command duration or timeout: 240 milliseconds
Build info: version: &#039;unknown&#039;, revision: &#039;unknown&#039;, time: &#039;unknown&#039;
System info: host: &#039;x120e-r4m0l5&#039;, ip: &#039;10.0.9.23&#039;, os.name: &#039;Windows 7&#039;, os.arch: &#039;amd64&#039;, os.version: &#039;6.1&#039;, java.version: &#039;1.7.0_25&#039;
Session ID: c29b3fbf-4a47-df6e-8bc4-c3299415f6c9
Driver info: io.selendroid.client.SelendroidDriver
Capabilities [{automationName=selendroid, platform=ANY, platformName=android, browserName=selendroid, emulator=false, aut=com.musala.eisoukr.mobile:1.0.1}] expected [true] but found [false]">
      <![CDATA[java.lang.AssertionError: This WebElement is not visible and may not be clicked.
Command duration or timeout: 240 milliseconds
Build info: version: 'unknown', revision: 'unknown', time: 'unknown'
System info: host: 'x120e-r4m0l5', ip: '10.0.9.23', os.name: 'Windows 7', os.arch: 'amd64', os.version: '6.1', java.version: '1.7.0_25'
Session ID: c29b3fbf-4a47-df6e-8bc4-c3299415f6c9
Driver info: io.selendroid.client.SelendroidDriver
Capabilities [{automationName=selendroid, platform=ANY, platformName=android, browserName=selendroid, emulator=false, aut=com.musala.eisoukr.mobile:1.0.1}] expected [true] but found [false]
	at org.testng.Assert.fail(Assert.java:94)
	at org.testng.Assert.failNotEquals(Assert.java:494)
	at org.testng.Assert.assertTrue(Assert.java:42)
	at com.webdriver.core.BaseTest.endTest(BaseTest.java:182)
	at com.webdriver.tests.VehicleActivityTest.createVehicleActivity(VehicleActivityTest.java:67)
	at sun.reflect.NativeMethodAccessorImpl.invoke0(Native Method)
	at sun.reflect.NativeMethodAccessorImpl.invoke(Unknown Source)
	at sun.reflect.DelegatingMethodAccessorImpl.invoke(Unknown Source)
	at java.lang.reflect.Method.invoke(Unknown Source)
	at org.testng.internal.MethodInvocationHelper.invokeMethod(MethodInvocationHelper.java:84)
	at org.testng.internal.Invoker.invokeMethod(Invoker.java:714)
	at org.testng.internal.Invoker.invokeTestMethod(Invoker.java:901)
	at org.testng.internal.Invoker.invokeTestMethods(Invoker.java:1231)
	at org.testng.internal.TestMethodWorker.invokeTestMethods(TestMethodWorker.java:127)
	at org.testng.internal.TestMethodWorker.run(TestMethodWorker.java:111)
	at org.testng.TestRunner.privateRun(TestRunner.java:767)
	at org.testng.TestRunner.run(TestRunner.java:617)
	at org.testng.SuiteRunner.runTest(SuiteRunner.java:334)
	at org.testng.SuiteRunner.runSequentially(SuiteRunner.java:329)
	at org.testng.SuiteRunner.privateRun(SuiteRunner.java:291)
	at org.testng.SuiteRunner.run(SuiteRunner.java:240)
	at org.testng.SuiteRunnerWorker.runSuite(SuiteRunnerWorker.java:52)
	at org.testng.SuiteRunnerWorker.run(SuiteRunnerWorker.java:86)
	at org.testng.TestNG.runSuitesSequentially(TestNG.java:1224)
	at org.testng.TestNG.runSuitesLocally(TestNG.java:1149)
	at org.testng.TestNG.run(TestNG.java:1057)
	at org.testng.remote.RemoteTestNG.run(RemoteTestNG.java:111)
	at org.testng.remote.RemoteTestNG.initAndRun(RemoteTestNG.java:204)
	at org.testng.remote.RemoteTestNG.main(RemoteTestNG.java:175)
]]>
    </error>
  </testcase> <!-- createVehicleActivity -->
</testsuite> <!-- com.webdriver.tests.VehicleActivityTest -->
